🫀 EvoMap Heartbeat Started
   Node ID: node_95f58cbdceae438a
   Interval: 900s (15 minutes)
   Hub: https://evomap.ai

[2026-03-02T02:42:50Z] Sending heartbeat...
   ✅ Heartbeat successful
   💰 Credit balance: 0
   ⏳ Next heartbeat in 900s...

[2026-03-02T02:57:51Z] Sending heartbeat...
   ✅ Heartbeat successful
   💰 Credit balance: 0
   ⏳ Next heartbeat in 900s...

[2026-03-02T03:59:55Z] 🫀 EvoMap Heartbeat Started
[2026-03-02T03:59:55Z]    Node ID: node_95f58cbdceae438a
[2026-03-02T03:59:55Z]    Interval: 900s (15 minutes)
[2026-03-02T03:59:55Z]    Hub: https://evomap.ai
[2026-03-02T03:59:55Z] 
[2026-03-02T03:59:56Z] Sending heartbeat...
[2026-03-02T03:59:56Z]    ✅ Heartbeat successful
[2026-03-02T03:59:56Z]    💰 Credit balance: 0
[2026-03-02T03:59:56Z]    ⏳ Next heartbeat in 900s...
[2026-03-02T03:59:56Z] 
[2026-03-02T04:14:56Z] Sending heartbeat...
[2026-03-02T04:14:57Z]    ✅ Heartbeat successful
[2026-03-02T04:14:57Z]    💰 Credit balance: 0
[2026-03-02T04:14:57Z]    ⏳ Next heartbeat in 900s...
[2026-03-02T04:14:57Z] 
[2026-03-02T04:29:57Z] Sending heartbeat...
[2026-03-02T04:29:58Z]    ✅ Heartbeat successful
[2026-03-02T04:29:58Z]    💰 Credit balance: 0
[2026-03-02T04:29:58Z]    ⏳ Next heartbeat in 900s...
[2026-03-02T04:29:58Z] 
[2026-03-02T04:44:58Z] Sending heartbeat...
[2026-03-02T04:44:59Z]    ✅ Heartbeat successful
[2026-03-02T04:44:59Z]    💰 Credit balance: 0
[2026-03-02T04:44:59Z]    ⏳ Next heartbeat in 900s...
[2026-03-02T04:44:59Z] 
[2026-03-02T04:59:59Z] Sending heartbeat...
[2026-03-02T05:00:00Z]    ✅ Heartbeat successful
[2026-03-02T05:00:00Z]    💰 Credit balance: 0
[2026-03-02T05:00:00Z]    ⏳ Next heartbeat in 900s...
[2026-03-02T05:00:00Z] 
[2026-03-02T05:15:00Z] Sending heartbeat...
[2026-03-02T05:15:00Z]    ✅ Heartbeat successful
[2026-03-02T05:15:00Z]    💰 Credit balance: 0
[2026-03-02T05:15:00Z]    ⏳ Next heartbeat in 900s...
[2026-03-02T05:15:00Z] 
[2026-03-02T05:30:00Z] Sending heartbeat...
[2026-03-02T05:30:01Z]    ✅ Heartbeat successful
[2026-03-02T05:30:01Z]    💰 Credit balance: 0
[2026-03-02T05:30:01Z]    ⏳ Next heartbeat in 900s...
[2026-03-02T05:30:01Z] 
[2026-03-02T05:45:01Z] Sending heartbeat...
[2026-03-02T05:45:02Z]    ✅ Heartbeat successful
[2026-03-02T05:45:02Z]    💰 Credit balance: 0
[2026-03-02T05:45:02Z]    ⏳ Next heartbeat in 900s...
[2026-03-02T05:45:02Z] 
[2026-03-02T06:00:02Z] Sending heartbeat...
[2026-03-02T06:00:04Z]    ✅ Heartbeat successful
[2026-03-02T06:00:04Z]    💰 Credit balance: 0
[2026-03-02T06:00:04Z]    ⏳ Next heartbeat in 900s...
[2026-03-02T06:00:04Z] 
[2026-03-02T06:15:04Z] Sending heartbeat...
[2026-03-02T06:15:05Z]    ✅ Heartbeat successful
[2026-03-02T06:15:05Z]    💰 Credit balance: 0
[2026-03-02T06:15:05Z]    ⏳ Next heartbeat in 900s...
[2026-03-02T06:15:05Z] 
[2026-03-02T06:30:05Z] Sending heartbeat...
[2026-03-02T06:30:06Z]    ✅ Heartbeat successful
[2026-03-02T06:30:06Z]    💰 Credit balance: 0
[2026-03-02T06:30:06Z]    ⏳ Next heartbeat in 900s...
[2026-03-02T06:30:06Z] 
[2026-03-02T06:45:06Z] Sending heartbeat...
[2026-03-02T06:45:06Z]    ⚠️ Response: {"error":"rate_limited","retry_after_ms":65848,"next_request_at":"2026-03-02T06:46:12.319Z","hint":"Rate limited. Wait until next_request_at before retrying, then add a small jitter (50-300ms).","agent_instruction":"sleep_until_next_request_at","bucket":"sender","policy":{"key_prefix":"a2a_heartbeat","limit":1,"window_ms":300000}}
[2026-03-02T06:45:06Z]    ⏳ Next heartbeat in 900s...
[2026-03-02T06:45:06Z] 
[2026-03-02T07:00:06Z] Sending heartbeat...
[2026-03-02T07:00:07Z]    ✅ Heartbeat successful
[2026-03-02T07:00:07Z]    💰 Credit balance: 0
[2026-03-02T07:00:07Z]    ⏳ Next heartbeat in 900s...
[2026-03-02T07:00:07Z] 
[2026-03-02T07:15:07Z] Sending heartbeat...
[2026-03-02T07:15:07Z]    ⚠️ Response: {"error":"rate_limited","retry_after_ms":144039,"next_request_at":"2026-03-02T07:17:31.605Z","hint":"Rate limited. Wait until next_request_at before retrying, then add a small jitter (50-300ms).","agent_instruction":"sleep_until_next_request_at","bucket":"sender","policy":{"key_prefix":"a2a_heartbeat","limit":1,"window_ms":300000}}
[2026-03-02T07:15:07Z]    ⏳ Next heartbeat in 900s...
[2026-03-02T07:15:07Z] 
[2026-03-02T07:30:07Z] Sending heartbeat...
[2026-03-02T07:30:08Z]    ✅ Heartbeat successful
[2026-03-02T07:30:08Z]    💰 Credit balance: 0
[2026-03-02T07:30:08Z]    ⏳ Next heartbeat in 900s...
[2026-03-02T07:30:08Z] 
[2026-03-02T07:45:08Z] Sending heartbeat...
[2026-03-02T07:45:09Z]    ✅ Heartbeat successful
[2026-03-02T07:45:09Z]    💰 Credit balance: 0
[2026-03-02T07:45:09Z]    ⏳ Next heartbeat in 900s...
[2026-03-02T07:45:09Z] 
[2026-03-02T08:00:09Z] Sending heartbeat...
[2026-03-02T08:00:10Z]    ✅ Heartbeat successful
[2026-03-02T08:00:10Z]    💰 Credit balance: 0
[2026-03-02T08:00:10Z]    ⏳ Next heartbeat in 900s...
[2026-03-02T08:00:10Z] 
[2026-03-02T08:15:10Z] Sending heartbeat...
[2026-03-02T08:15:10Z]    ✅ Heartbeat successful
[2026-03-02T08:15:10Z]    💰 Credit balance: 0
[2026-03-02T08:15:10Z]    ⏳ Next heartbeat in 900s...
[2026-03-02T08:15:10Z] 
[2026-03-02T08:30:10Z] Sending heartbeat...
[2026-03-02T08:30:11Z]    ✅ Heartbeat successful
[2026-03-02T08:30:11Z]    💰 Credit balance: 0
[2026-03-02T08:30:11Z]    ⏳ Next heartbeat in 900s...
[2026-03-02T08:30:11Z] 
[2026-03-02T08:45:11Z] Sending heartbeat...
[2026-03-02T08:45:12Z]    ✅ Heartbeat successful
[2026-03-02T08:45:12Z]    💰 Credit balance: 0
[2026-03-02T08:45:12Z]    ⏳ Next heartbeat in 900s...
[2026-03-02T08:45:12Z] 
[2026-03-02T09:00:12Z] Sending heartbeat...
[2026-03-02T09:00:13Z]    ✅ Heartbeat successful
[2026-03-02T09:00:13Z]    💰 Credit balance: 0
[2026-03-02T09:00:13Z]    ⏳ Next heartbeat in 900s...
[2026-03-02T09:00:13Z] 
[2026-03-02T09:15:13Z] Sending heartbeat...
[2026-03-02T09:15:14Z]    ✅ Heartbeat successful
[2026-03-02T09:15:14Z]    💰 Credit balance: 0
[2026-03-02T09:15:14Z]    ⏳ Next heartbeat in 900s...
[2026-03-02T09:15:14Z] 
[2026-03-02T09:30:14Z] Sending heartbeat...
[2026-03-02T09:30:15Z]    ✅ Heartbeat successful
[2026-03-02T09:30:15Z]    💰 Credit balance: 0
[2026-03-02T09:30:15Z]    ⏳ Next heartbeat in 900s...
[2026-03-02T09:30:15Z] 
[2026-03-02T09:45:15Z] Sending heartbeat...
[2026-03-02T09:45:16Z]    ✅ Heartbeat successful
[2026-03-02T09:45:16Z]    💰 Credit balance: 0
[2026-03-02T09:45:16Z]    ⏳ Next heartbeat in 900s...
[2026-03-02T09:45:16Z] 
[2026-03-02T10:00:16Z] Sending heartbeat...
[2026-03-02T10:00:17Z]    ✅ Heartbeat successful
[2026-03-02T10:00:17Z]    💰 Credit balance: 0
[2026-03-02T10:00:17Z]    ⏳ Next heartbeat in 900s...
[2026-03-02T10:00:17Z] 
[2026-03-02T10:15:17Z] Sending heartbeat...
[2026-03-02T10:15:18Z]    ✅ Heartbeat successful
[2026-03-02T10:15:18Z]    💰 Credit balance: 0
[2026-03-02T10:15:18Z]    ⏳ Next heartbeat in 900s...
[2026-03-02T10:15:18Z] 
[2026-03-02T10:30:18Z] Sending heartbeat...
[2026-03-02T10:30:19Z]    ✅ Heartbeat successful
[2026-03-02T10:30:19Z]    💰 Credit balance: 0
[2026-03-02T10:30:19Z]    ⏳ Next heartbeat in 900s...
[2026-03-02T10:30:19Z] 
[2026-03-02T10:45:19Z] Sending heartbeat...
[2026-03-02T10:45:19Z]    ✅ Heartbeat successful
[2026-03-02T10:45:19Z]    💰 Credit balance: 0
[2026-03-02T10:45:19Z]    ⏳ Next heartbeat in 900s...
[2026-03-02T10:45:19Z] 
[2026-03-02T11:00:19Z] Sending heartbeat...
[2026-03-02T11:00:20Z]    ✅ Heartbeat successful
[2026-03-02T11:00:20Z]    💰 Credit balance: 0
[2026-03-02T11:00:20Z]    ⏳ Next heartbeat in 900s...
[2026-03-02T11:00:20Z] 
[2026-03-02T11:15:20Z] Sending heartbeat...
[2026-03-02T11:15:21Z]    ✅ Heartbeat successful
[2026-03-02T11:15:21Z]    💰 Credit balance: 0
[2026-03-02T11:15:21Z]    ⏳ Next heartbeat in 900s...
[2026-03-02T11:15:21Z] 
[2026-03-02T11:30:21Z] Sending heartbeat...
[2026-03-02T11:30:22Z]    ✅ Heartbeat successful
[2026-03-02T11:30:22Z]    💰 Credit balance: 0
[2026-03-02T11:30:22Z]    ⏳ Next heartbeat in 900s...
[2026-03-02T11:30:22Z] 
[2026-03-02T11:45:22Z] Sending heartbeat...
[2026-03-02T11:45:23Z]    ✅ Heartbeat successful
[2026-03-02T11:45:23Z]    💰 Credit balance: 0
[2026-03-02T11:45:23Z]    ⏳ Next heartbeat in 900s...
[2026-03-02T11:45:23Z] 
[2026-03-02T12:00:23Z] Sending heartbeat...
[2026-03-02T12:00:24Z]    ✅ Heartbeat successful
[2026-03-02T12:00:24Z]    💰 Credit balance: 0
[2026-03-02T12:00:24Z]    ⏳ Next heartbeat in 900s...
[2026-03-02T12:00:24Z] 
[2026-03-02T12:15:24Z] Sending heartbeat...
[2026-03-02T12:15:24Z]    ⚠️ Response: error code: 502
[2026-03-02T12:15:24Z]    ⏳ Next heartbeat in 900s...
[2026-03-02T12:15:24Z] 
[2026-03-02T12:30:24Z] Sending heartbeat...
[2026-03-02T12:30:24Z]    ⚠️ Response: error code: 502
[2026-03-02T12:30:24Z]    ⏳ Next heartbeat in 900s...
[2026-03-02T12:30:24Z] 
[2026-03-02T12:45:24Z] Sending heartbeat...
[2026-03-02T12:45:24Z]    ⚠️ Response: error code: 502
[2026-03-02T12:45:24Z]    ⏳ Next heartbeat in 900s...
[2026-03-02T12:45:24Z] 
[2026-03-02T13:00:24Z] Sending heartbeat...
[2026-03-02T13:00:25Z]    ⚠️ Response: error code: 502
[2026-03-02T13:00:25Z]    ⏳ Next heartbeat in 900s...
[2026-03-02T13:00:25Z] 
[2026-03-02T13:15:25Z] Sending heartbeat...
[2026-03-02T13:15:26Z]    ✅ Heartbeat successful
[2026-03-02T13:15:26Z]    💰 Credit balance: 0
[2026-03-02T13:15:26Z]    ⏳ Next heartbeat in 900s...
[2026-03-02T13:15:26Z] 
[2026-03-02T13:30:26Z] Sending heartbeat...
[2026-03-02T13:30:26Z]    ✅ Heartbeat successful
[2026-03-02T13:30:26Z]    💰 Credit balance: 0
[2026-03-02T13:30:26Z]    ⏳ Next heartbeat in 900s...
[2026-03-02T13:30:26Z] 
[2026-03-02T13:45:26Z] Sending heartbeat...
[2026-03-02T13:45:27Z]    ⚠️ Response: {"error":"rate_limited","retry_after_ms":236594,"next_request_at":"2026-03-02T13:49:23.578Z","hint":"Rate limited. Wait until next_request_at before retrying, then add a small jitter (50-300ms).","agent_instruction":"sleep_until_next_request_at","bucket":"sender","policy":{"key_prefix":"a2a_heartbeat","limit":1,"window_ms":300000}}
[2026-03-02T13:45:27Z]    ⏳ Next heartbeat in 900s...
[2026-03-02T13:45:27Z] 
[2026-03-02T14:00:27Z] Sending heartbeat...
[2026-03-02T14:00:27Z]    ✅ Heartbeat successful
[2026-03-02T14:00:27Z]    💰 Credit balance: 0
[2026-03-02T14:00:27Z]    ⏳ Next heartbeat in 900s...
[2026-03-02T14:00:27Z] 
[2026-03-02T14:15:27Z] Sending heartbeat...
[2026-03-02T14:15:28Z]    ⚠️ Response: {"error":"rate_limited","retry_after_ms":266030,"next_request_at":"2026-03-02T14:19:54.153Z","hint":"Rate limited. Wait until next_request_at before retrying, then add a small jitter (50-300ms).","agent_instruction":"sleep_until_next_request_at","bucket":"sender","policy":{"key_prefix":"a2a_heartbeat","limit":1,"window_ms":300000}}
[2026-03-02T14:15:28Z]    ⏳ Next heartbeat in 900s...
[2026-03-02T14:15:28Z] 
[2026-03-02T14:30:28Z] Sending heartbeat...
[2026-03-02T14:30:29Z]    ✅ Heartbeat successful
[2026-03-02T14:30:29Z]    💰 Credit balance: 0
[2026-03-02T14:30:29Z]    ⏳ Next heartbeat in 900s...
[2026-03-02T14:30:29Z] 
[2026-03-02T14:45:29Z] Sending heartbeat...
[2026-03-02T14:45:29Z]    ✅ Heartbeat successful
[2026-03-02T14:45:29Z]    💰 Credit balance: 0
[2026-03-02T14:45:29Z]    ⏳ Next heartbeat in 900s...
[2026-03-02T14:45:29Z] 
[2026-03-02T15:00:29Z] Sending heartbeat...
[2026-03-02T15:00:30Z]    ✅ Heartbeat successful
[2026-03-02T15:00:30Z]    💰 Credit balance: 0
[2026-03-02T15:00:30Z]    ⏳ Next heartbeat in 900s...
[2026-03-02T15:00:30Z] 
[2026-03-02T15:15:30Z] Sending heartbeat...
[2026-03-02T15:15:31Z]    ✅ Heartbeat successful
[2026-03-02T15:15:31Z]    💰 Credit balance: 0
[2026-03-02T15:15:31Z]    ⏳ Next heartbeat in 900s...
[2026-03-02T15:15:31Z] 
[2026-03-02T15:30:31Z] Sending heartbeat...
[2026-03-02T15:30:32Z]    ✅ Heartbeat successful
[2026-03-02T15:30:32Z]    💰 Credit balance: 0
[2026-03-02T15:30:32Z]    ⏳ Next heartbeat in 900s...
[2026-03-02T15:30:32Z] 
[2026-03-02T15:45:32Z] Sending heartbeat...
[2026-03-02T15:45:33Z]    ✅ Heartbeat successful
[2026-03-02T15:45:33Z]    💰 Credit balance: 0
[2026-03-02T15:45:33Z]    ⏳ Next heartbeat in 900s...
[2026-03-02T15:45:33Z] 
[2026-03-02T16:00:33Z] Sending heartbeat...
[2026-03-02T16:00:34Z]    ✅ Heartbeat successful
[2026-03-02T16:00:34Z]    💰 Credit balance: 0
[2026-03-02T16:00:34Z]    ⏳ Next heartbeat in 900s...
[2026-03-02T16:00:34Z] 
[2026-03-02T16:15:34Z] Sending heartbeat...
[2026-03-02T16:15:34Z]    ✅ Heartbeat successful
[2026-03-02T16:15:34Z]    💰 Credit balance: 0
[2026-03-02T16:15:34Z]    ⏳ Next heartbeat in 900s...
[2026-03-02T16:15:34Z] 
